* Starting client
* Connecting to master process on port 7321
* Analyzing classpath: 
  - /home/dimitri/Documents/GitHub/Algorithms/target/classes
  - /home/dimitri/.m2/repository/junit/junit/4.12/junit-4.12.jar
  - /home/dimitri/.m2/repository/org/hamcrest/hamcrest-core/1.3/hamcrest-core-1.3.jar
* Finished analyzing classpath
* Generating tests for class com.williamfiset.algorithms.math.RelativelyPrime
* Test criteria:
  - Line Coverage
  - Branch Coverage
  - Exception
  - Mutation testing (weak)
  - Method-Output Coverage
  - Top-Level Method Coverage
  - No-Exception Top-Level Method Coverage
  - Context Branch Coverage
* Setting up search algorithm for whole suite generation
[MASTER] 22:11:17.841 [pool-2-thread-1] WARN  TestSuiteSerialization - Cannot load tests because file does not exist: /home/dimitri/Documents/GitHub/Algorithms/.evosuite/evosuite-seeds/com.williamfiset.algorithms.math.RelativelyPrime.seed
* Loaded 0 tests from /home/dimitri/Documents/GitHub/Algorithms/.evosuite/evosuite-seeds/com.williamfiset.algorithms.math.RelativelyPrime.seed
* Total number of test goals: 
  - Line 6
  - Branch 6
  - Exception 0
  - MutationFactory 51
  - Output 2
  - Method 3
  - MethodNoException 3
  - CBranchFitnessFactory 6
* Using seed 1711678275974
* Starting evolution
* Search finished after 2s and 0 generations, 5851 statements, best individual has fitness: 1.0
* Writing sequences to pool
* Minimizing test suite
* Going to analyze the coverage criteria
* Coverage analysis for criterion LINE
* Coverage of criterion LINE: 100%
* Total number of goals: 6
* Number of covered goals: 6
* Coverage analysis for criterion BRANCH
* Coverage of criterion BRANCH: 100%
* Total number of goals: 6
* Number of covered goals: 6
* Coverage analysis for criterion EXCEPTION
* Coverage of criterion EXCEPTION: 100% (no goals)
* Coverage analysis for criterion WEAKMUTATION
* Coverage of criterion WEAKMUTATION: 100%
* Total number of goals: 51
* Number of covered goals: 51
* Coverage analysis for criterion OUTPUT
* Coverage of criterion OUTPUT: 100%
* Total number of goals: 2
* Number of covered goals: 2
* Coverage analysis for criterion METHOD
* Coverage of criterion METHOD: 100%
* Total number of goals: 3
* Number of covered goals: 3
* Coverage analysis for criterion METHODNOEXCEPTION
* Coverage of criterion METHODNOEXCEPTION: 100%
* Total number of goals: 3
* Number of covered goals: 3
* Coverage analysis for criterion CBRANCH
* Coverage of criterion CBRANCH: 100%
* Total number of goals: 6
* Number of covered goals: 6
* Generated 4 tests with total length 5
* Resulting test suite's coverage: 100% (average coverage for all fitness functions)
* Generating assertions
* Resulting test suite's mutation score: 39%
* Compiling and checking tests
* Writing JUnit test case 'RelativelyPrime_ESTest' to /home/dimitri/Documents/GitHub/Algorithms/.evosuite/tmp_2024_03_28_21_47_55/tests
* Done!

