[MASTER] 22:00:53.843 [pool-2-thread-1] ERROR TestSuiteGenerator - Problem for com.williamfiset.algorithms.math.EulerTotientFunctionWithSieve. Full stack:
java.lang.ExceptionInInitializerError: null
	at java.lang.Class.forName0(Native Method) ~[na:1.8.0_392]
	at java.lang.Class.forName(Class.java:348) ~[na:1.8.0_392]
	at sun.reflect.NativeMethodAccessorImpl.invoke0(Native Method) ~[na:1.8.0_392]
	at sun.reflect.NativeMethodAccessorImpl.invoke(NativeMethodAccessorImpl.java:62) ~[na:1.8.0_392]
	at sun.reflect.DelegatingMethodAccessorImpl.invoke(DelegatingMethodAccessorImpl.java:43) ~[na:1.8.0_392]
	at java.lang.reflect.Method.invoke(Method.java:498) ~[na:1.8.0_392]
	at org.evosuite.testcase.statements.MethodStatement$1.execute(MethodStatement.java:257) ~[evosuite-master-1.0.6.jar:1.0.6]
	at org.evosuite.testcase.statements.AbstractStatement.exceptionHandler(AbstractStatement.java:169) ~[evosuite-master-1.0.6.jar:1.0.6]
	at org.evosuite.testcase.statements.MethodStatement.execute(MethodStatement.java:220) ~[evosuite-master-1.0.6.jar:1.0.6]
	at org.evosuite.testcase.execution.TestRunnable.executeStatements(TestRunnable.java:307) ~[evosuite-master-1.0.6.jar:1.0.6]
	at org.evosuite.testcase.execution.TestRunnable.call(TestRunnable.java:213) ~[evosuite-master-1.0.6.jar:1.0.6]
	at org.evosuite.testcase.execution.TestRunnable.call(TestRunnable.java:55) ~[evosuite-master-1.0.6.jar:1.0.6]
	at java.util.concurrent.FutureTask.run(FutureTask.java:266) [na:1.8.0_392]
	at java.util.concurrent.ThreadPoolExecutor.runWorker(ThreadPoolExecutor.java:1149) [na:1.8.0_392]
	at java.util.concurrent.ThreadPoolExecutor$Worker.run(ThreadPoolExecutor.java:624) [na:1.8.0_392]
	at java.lang.Thread.run(Thread.java:750) [na:1.8.0_392]
Caused by: org.evosuite.testcase.execution.TestCaseExecutor$TimeoutExceeded: null
	at com.williamfiset.algorithms.math.EulerTotientFunctionWithSieve.sieve(EulerTotientFunctionWithSieve.java:48) ~[classes/:na]
	at com.williamfiset.algorithms.math.EulerTotientFunctionWithSieve.<clinit>(EulerTotientFunctionWithSieve.java) ~[classes/:na]
	... 16 common frames omitted
