* Starting client
* Connecting to master process on port 20038
* Analyzing classpath: 
  - /home/dimitri/Documents/GitHub/Algorithms/target/classes
  - /home/dimitri/.m2/repository/junit/junit/4.12/junit-4.12.jar
  - /home/dimitri/.m2/repository/org/hamcrest/hamcrest-core/1.3/hamcrest-core-1.3.jar
* Finished analyzing classpath
* Generating tests for class com.williamfiset.algorithms.math.FastFourierTransform
* Test criteria:
  - Line Coverage
  - Branch Coverage
  - Exception
  - Mutation testing (weak)
  - Method-Output Coverage
  - Top-Level Method Coverage
  - No-Exception Top-Level Method Coverage
  - Context Branch Coverage
* Setting up search algorithm for whole suite generation
[MASTER] 21:52:34.596 [pool-2-thread-1] WARN  TestSuiteSerialization - Cannot load tests because file does not exist: /home/dimitri/Documents/GitHub/Algorithms/.evosuite/evosuite-seeds/com.williamfiset.algorithms.math.FastFourierTransform.seed
* Loaded 0 tests from /home/dimitri/Documents/GitHub/Algorithms/.evosuite/evosuite-seeds/com.williamfiset.algorithms.math.FastFourierTransform.seed
* Total number of test goals: 
  - Line 52
  - Branch 42
  - Exception 0
  - MutationFactory 585
  - Output 3
  - Method 3
  - MethodNoException 3
  - CBranchFitnessFactory 42
* Using seed 1711677072751
* Starting evolution
[MASTER] 21:52:34.687 [pool-2-thread-1] WARN  TimeController - Phase INITIALIZATION lasted too long, 67 seconds more than allowed.
