* Starting client
* Connecting to master process on port 7757
* Analyzing classpath: 
  - /home/dimitri/Documents/GitHub/Algorithms/target/classes
  - /home/dimitri/.m2/repository/junit/junit/4.12/junit-4.12.jar
  - /home/dimitri/.m2/repository/org/hamcrest/hamcrest-core/1.3/hamcrest-core-1.3.jar
* Finished analyzing classpath
* Generating tests for class com.williamfiset.algorithms.math.ModPow
* Test criteria:
  - Line Coverage
  - Branch Coverage
  - Exception
  - Mutation testing (weak)
  - Method-Output Coverage
  - Top-Level Method Coverage
  - No-Exception Top-Level Method Coverage
  - Context Branch Coverage
* Setting up search algorithm for whole suite generation
[MASTER] 21:58:41.135 [pool-2-thread-1] WARN  TestSuiteSerialization - Cannot load tests because file does not exist: /home/dimitri/Documents/GitHub/Algorithms/.evosuite/evosuite-seeds/com.williamfiset.algorithms.math.ModPow.seed
* Loaded 0 tests from /home/dimitri/Documents/GitHub/Algorithms/.evosuite/evosuite-seeds/com.williamfiset.algorithms.math.ModPow.seed
* Total number of test goals: 
  - Line 82
  - Branch 38
  - Exception 0
  - MutationFactory 331
  - Output 9
  - Method 5
  - MethodNoException 5
  - CBranchFitnessFactory 38
* Using seed 1711677518806
* Starting evolution
* Search finished after 82s and 3 generations, 2619 statements, best individual has fitness: 51.50402297034482
* Writing sequences to pool
* Minimizing test suite
[MASTER] 22:00:18.680 [pool-2-thread-1] WARN  TestSuiteMinimizer - Minimization timeout. Roll back to original test suite
* Going to analyze the coverage criteria
* Coverage analysis for criterion LINE
* Coverage of criterion LINE: 95%
* Total number of goals: 82
* Number of covered goals: 78
* Coverage analysis for criterion BRANCH
* Coverage of criterion BRANCH: 82%
* Total number of goals: 38
* Number of covered goals: 31
* Coverage analysis for criterion EXCEPTION
* Coverage of criterion EXCEPTION: 100%
* Total number of goals: 3
* Number of covered goals: 3
* Coverage analysis for criterion WEAKMUTATION
* Coverage of criterion WEAKMUTATION: 95%
* Total number of goals: 331
* Number of covered goals: 314
* Coverage analysis for criterion OUTPUT
* Coverage of criterion OUTPUT: 56%
* Total number of goals: 9
* Number of covered goals: 5
* Coverage analysis for criterion METHOD
* Coverage of criterion METHOD: 100%
* Total number of goals: 5
* Number of covered goals: 5
* Coverage analysis for criterion METHODNOEXCEPTION
* Coverage of criterion METHODNOEXCEPTION: 80%
* Total number of goals: 5
* Number of covered goals: 4
* Coverage analysis for criterion CBRANCH
* Coverage of criterion CBRANCH: 82%
* Total number of goals: 38
* Number of covered goals: 31
* Generated 14 tests with total length 252
* Resulting test suite's coverage: 86% (average coverage for all fitness functions)
* Generating assertions
[MASTER] 22:00:38.413 [pool-2-thread-1] WARN  SimpleMutationAssertionGenerator - Reached maximum time to generate assertions, aborting assertion generation
* Resulting test suite's mutation score: 0%
* Compiling and checking tests
* Writing JUnit test case 'ModPow_ESTest' to /home/dimitri/Documents/GitHub/Algorithms/.evosuite/tmp_2024_03_28_21_47_55/tests
* Done!

